<?xml version="1.0" encoding="utf-8" standalone="no"?>
<!--This file represents the results of running a test suite-->
<test-results name="D:\TDPortal\Codebase\TransportDirect\JourneyPlannerService\bin\Debug\JPS.nunit" total="1" errors="0" failures="0" not-run="0" inconclusive="0" ignored="0" skipped="0" invalid="0" date="2013-07-17" time="17:26:04">
  <environment nunit-version="2.6.2.12296" clr-version="2.0.50727.5472" os-version="Microsoft Windows NT 6.1.7601 Service Pack 1" platform="Win32NT" cwd="C:\Program Files (x86)\NUnit 2.6.2\bin" machine-name="OVS8" user="dlane" user-domain="NFHTDSUPPORT" />
  <culture-info current-culture="en-GB" current-uiculture="en-US" />
  <test-suite type="Project" name="D:\TDPortal\Codebase\TransportDirect\JourneyPlannerService\bin\Debug\JPS.nunit" executed="True" result="Success" success="True" time="0.912" asserts="0">
    <results>
      <test-suite type="Assembly" name="D:\TDPortal\Codebase\TransportDirect\JourneyPlannerService\bin\Debug\td.userportal.journeyplannerservice.dll" executed="True" result="Success" success="True" time="0.912" asserts="0">
        <results>
          <test-suite type="Namespace" name="TransportDirect" executed="True" result="Success" success="True" time="0.912" asserts="0">
            <results>
              <test-suite type="Namespace" name="UserPortal" executed="True" result="Success" success="True" time="0.911" asserts="0">
                <results>
                  <test-suite type="Namespace" name="JourneyPlannerService" executed="True" result="Success" success="True" time="0.911" asserts="0">
                    <results>
                      <test-suite type="TestFixture" name="TestJourneyRequestHelper" executed="True" result="Success" success="True" time="0.911" asserts="0">
                        <results>
                          <test-case name="TransportDirect.UserPortal.JourneyPlannerService.TestJourneyRequestHelper.ResolveLocationsInvalidCoordinates" executed="True" result="Success" success="True" time="0.905" asserts="4" />
                        </results>
                      </test-suite>
                    </results>
                  </test-suite>
                </results>
              </test-suite>
            </results>
          </test-suite>
        </results>
      </test-suite>
    </results>
  </test-suite>
</test-results>