<?xml version="1.0" encoding="utf-8" standalone="no"?>
<!--This file represents the results of running a test suite-->
<test-results name="D:\TDPortal\Codebase\TransportDirect\Web\Web2\bin\NUnit.nunit" total="1" errors="1" failures="0" not-run="0" inconclusive="0" ignored="0" skipped="0" invalid="0" date="2013-07-17" time="14:50:19">
  <environment nunit-version="2.6.2.12296" clr-version="2.0.50727.5472" os-version="Microsoft Windows NT 6.1.7601 Service Pack 1" platform="Win32NT" cwd="C:\Program Files (x86)\NUnit 2.6.2\bin" machine-name="OVS8" user="dlane" user-domain="NFHTDSUPPORT" />
  <culture-info current-culture="en-GB" current-uiculture="en-US" />
  <test-suite type="Project" name="D:\TDPortal\Codebase\TransportDirect\Web\Web2\bin\NUnit.nunit" executed="True" result="Failure" success="False" time="1.559" asserts="0">
    <results>
      <test-suite type="Assembly" name="D:\TDPortal\Codebase\TransportDirect\Web\Web2\bin\td.userportal.journeyplannerservice.dll" executed="True" result="Failure" success="False" time="1.528" asserts="0">
        <results>
          <test-suite type="Namespace" name="TransportDirect" executed="True" result="Failure" success="False" time="1.528" asserts="0">
            <results>
              <test-suite type="Namespace" name="UserPortal" executed="True" result="Failure" success="False" time="1.528" asserts="0">
                <results>
                  <test-suite type="Namespace" name="JourneyPlannerService" executed="True" result="Failure" success="False" time="1.528" asserts="0">
                    <results>
                      <test-suite type="TestFixture" name="TestJourneyRequestHelper" executed="True" result="Failure" success="False" time="1.524" asserts="0">
                        <results>
                          <test-case name="TransportDirect.UserPortal.JourneyPlannerService.TestJourneyRequestHelper.ResolveLocationsInvalidDestinationPostcode" executed="True" result="Error" success="False" time="1.504" asserts="0">
                            <failure>
                              <message><![CDATA[SetUp : System.IO.FileNotFoundException : Could not load file or assembly 'td.enhancedexposedservices.datatransfer, Version=12.1.1.1, Culture=neutral, PublicKeyToken=null' or one of its dependencies. The system cannot find the file specified.]]></message>
                              <stack-trace><![CDATA[at TransportDirect.UserPortal.JourneyPlannerService.TestJourneyRequestHelper.SetUp()
]]></stack-trace>
                            </failure>
                          </test-case>
                        </results>
                      </test-suite>
                    </results>
                  </test-suite>
                </results>
              </test-suite>
            </results>
          </test-suite>
        </results>
      </test-suite>
    </results>
  </test-suite>
</test-results>